[debug] [2024-03-26T15:55:56.046Z] ----------------------------------------------------------------------
[debug] [2024-03-26T15:55:56.048Z] Command:       /opt/homebrew/Cellar/node/21.4.0/bin/node /opt/homebrew/bin/firebase init hosting
[debug] [2024-03-26T15:55:56.048Z] CLI Version:   13.5.2
[debug] [2024-03-26T15:55:56.049Z] Platform:      darwin
[debug] [2024-03-26T15:55:56.049Z] Node Version:  v21.4.0
[debug] [2024-03-26T15:55:56.049Z] Time:          Tue Mar 26 2024 15:55:56 GMT+0000 (Greenwich Mean Time)
[debug] [2024-03-26T15:55:56.049Z] ----------------------------------------------------------------------
[debug] 
[debug] [2024-03-26T15:55:56.086Z] > command requires scopes: ["email","openid","https://www.googleapis.com/auth/cloudplatformprojects.readonly","https://www.googleapis.com/auth/firebase","https://www.googleapis.com/auth/cloud-platform"]
[debug] [2024-03-26T15:55:56.086Z] > authorizing via signed-in user (katemolony96@gmail.com)
[info] 
     ######## #### ########  ######## ########     ###     ######  ########
     ##        ##  ##     ## ##       ##     ##  ##   ##  ##       ##
     ######    ##  ########  ######   ########  #########  ######  ######
     ##        ##  ##    ##  ##       ##     ## ##     ##       ## ##
     ##       #### ##     ## ######## ########  ##     ##  ######  ########

You're about to initialize a Firebase project in this directory:

  /Users/kate

Before we get started, keep in mind:

  * You are initializing within an existing Firebase project directory

[info] 
=== Project Setup
[info] 
[info] First, let's associate this project directory with a Firebase project.
[info] You can create multiple project aliases by running firebase use --add, 
[info] but for now we'll just set up a default project.
[info] 
[debug] [2024-03-26T15:55:56.088Z] Using project from CLI flag: placemark-e8ed9
[debug] [2024-03-26T15:55:56.092Z] >>> [apiv2][query] GET https://firebase.googleapis.com/v1beta1/projects/placemark-e8ed9 [none]
[debug] [2024-03-26T15:55:56.484Z] <<< [apiv2][status] GET https://firebase.googleapis.com/v1beta1/projects/placemark-e8ed9 200
[debug] [2024-03-26T15:55:56.485Z] <<< [apiv2][body] GET https://firebase.googleapis.com/v1beta1/projects/placemark-e8ed9 {"projectId":"placemark-e8ed9","projectNumber":"451223084752","displayName":"placemark","name":"projects/placemark-e8ed9","resources":{"hostingSite":"placemark-e8ed9"},"state":"ACTIVE","etag":"1_f6f25b7b-f226-4f72-86d5-cc0b1bbf6238"}
[info] i  Using project placemark-e8ed9 (placemark) 
[info] 
=== Hosting Setup
[debug] [2024-03-26T15:55:56.492Z] >>> [apiv2][query] GET https://firebase.googleapis.com/v1beta1/projects/placemark-e8ed9 [none]
[debug] [2024-03-26T15:55:56.836Z] <<< [apiv2][status] GET https://firebase.googleapis.com/v1beta1/projects/placemark-e8ed9 200
[debug] [2024-03-26T15:55:56.836Z] <<< [apiv2][body] GET https://firebase.googleapis.com/v1beta1/projects/placemark-e8ed9 {"projectId":"placemark-e8ed9","projectNumber":"451223084752","displayName":"placemark","name":"projects/placemark-e8ed9","resources":{"hostingSite":"placemark-e8ed9"},"state":"ACTIVE","etag":"1_f6f25b7b-f226-4f72-86d5-cc0b1bbf6238"}
[info] 
[info] Your public directory is the folder (relative to your project directory) that
[info] will contain Hosting assets to be uploaded with firebase deploy. If you
[info] have a build process for your assets, use your build's output directory.
[info] 
